D:\GAMES\GG-C++\PROJEGBA\PROJEGBA\DEBUG\SOURCE.OBJ
D:\GAMES\GG-C++\PROJEGBA\PROJEGBA\DEBUG\VC110.PDB
D:\GAMES\GG-C++\PROJEGBA\DEBUG\PROJEGBA.ILK
D:\GAMES\GG-C++\PROJEGBA\DEBUG\PROJEGBA.EXE
D:\GAMES\GG-C++\PROJEGBA\DEBUG\PROJEGBA.PDB
D:\GAMES\GG-C++\PROJEGBA\PROJEGBA\DEBUG\SOURCE.RES
D:\Games\GG-C++\projegba\projegba\Debug\Source.obj
D:\Games\GG-C++\projegba\projegba\Debug\cl.command.1.tlog
D:\Games\GG-C++\projegba\projegba\Debug\CL.read.1.tlog
D:\Games\GG-C++\projegba\projegba\Debug\CL.write.1.tlog
D:\Games\GG-C++\projegba\projegba\Debug\link-cvtres.read.1.tlog
D:\Games\GG-C++\projegba\projegba\Debug\link-cvtres.write.1.tlog
D:\Games\GG-C++\projegba\projegba\Debug\link-rc.read.1.tlog
D:\Games\GG-C++\projegba\projegba\Debug\link-rc.write.1.tlog
D:\Games\GG-C++\projegba\projegba\Debug\link.command.1.tlog
D:\Games\GG-C++\projegba\projegba\Debug\link.read.1.tlog
D:\Games\GG-C++\projegba\projegba\Debug\link.write.1.tlog
D:\Games\GG-C++\projegba\projegba\Debug\rc.command.1.tlog
D:\Games\GG-C++\projegba\projegba\Debug\rc.read.1.tlog
D:\Games\GG-C++\projegba\projegba\Debug\rc.write.1.tlog
D:\Games\GG-C++\projegba\projegba\Debug\Source.res
D:\Games\GG-C++\projegba\projegba\Debug\vc110.idb
D:\Games\GG-C++\projegba\projegba\Debug\vc110.pdb
D:\Games\GG-C++\projegba\Debug\projegba.pdb
D:\Games\GG-C++\projegba\Debug\projegba.exe
D:\Games\GG-C++\projegba\Debug\projegba.ilk
